[1] "starting MNIST RERF:  0.05 \n"
[1] "starting XGBoost RERF:  0.05 \n"
[1] "starting RF RERF:  0.05 \n"
[1] "starting MNIST Ranger:  0.05 \n"
[1] "starting Higgs RERF:  0.05 \n"
[1] "starting Higgs XGBoost:  0.05 \n"
[1] "starting higgs RF:  0.05 \n"
[1] "starting higgs ranger:  0.05 \n"
[1] "starting p53 rerf:  0.05 \n"
[1] "starting p53 XGBoost:  0.05 \n"
[1] "starting p53 rf:  0.05 \n"
[1] "starting p53 rf:  0.05 \n"
[1] "starting MNIST RERF:  0.1 \n"
[1] "starting XGBoost RERF:  0.1 \n"
[1] "starting RF RERF:  0.1 \n"
[1] "starting MNIST Ranger:  0.1 \n"
[1] "starting Higgs RERF:  0.1 \n"
[1] "starting Higgs XGBoost:  0.1 \n"
[1] "starting higgs RF:  0.1 \n"
[1] "starting higgs ranger:  0.1 \n"
[1] "starting p53 rerf:  0.1 \n"
[1] "starting p53 XGBoost:  0.1 \n"
[1] "starting p53 rf:  0.1 \n"
[1] "starting p53 rf:  0.1 \n"
[1] "starting MNIST RERF:  0.2 \n"
[1] "starting XGBoost RERF:  0.2 \n"
[1] "starting RF RERF:  0.2 \n"
[1] "starting MNIST Ranger:  0.2 \n"
[1] "starting Higgs RERF:  0.2 \n"
[1] "starting Higgs XGBoost:  0.2 \n"
[1] "starting higgs RF:  0.2 \n"
[1] "starting higgs ranger:  0.2 \n"
[1] "starting p53 rerf:  0.2 \n"
[1] "starting p53 XGBoost:  0.2 \n"
[1] "starting p53 rf:  0.2 \n"
[1] "starting p53 rf:  0.2 \n"
[1] "starting MNIST RERF:  0.4 \n"
[1] "starting XGBoost RERF:  0.4 \n"
[1] "starting RF RERF:  0.4 \n"
[1] "starting MNIST Ranger:  0.4 \n"
[1] "starting Higgs RERF:  0.4 \n"
[1] "starting Higgs XGBoost:  0.4 \n"
[1] "starting higgs RF:  0.4 \n"
[1] "starting higgs ranger:  0.4 \n"
[1] "starting p53 rerf:  0.4 \n"
[1] "starting p53 XGBoost:  0.4 \n"
[1] "starting p53 rf:  0.4 \n"
[1] "starting p53 rf:  0.4 \n"
[1] "starting MNIST RERF:  0.8 \n"
[1] "starting XGBoost RERF:  0.8 \n"
[1] "starting RF RERF:  0.8 \n"
[1] "starting MNIST Ranger:  0.8 \n"
[1] "starting Higgs RERF:  0.8 \n"
[1] "starting Higgs XGBoost:  0.8 \n"
[1] "starting higgs RF:  0.8 \n"
[1] "starting higgs ranger:  0.8 \n"
[1] "starting p53 rerf:  0.8 \n"
[1] "starting p53 XGBoost:  0.8 \n"
[1] "starting p53 rf:  0.8 \n"
[1] "starting p53 rf:  0.8 \n"
null device 
          1 
